# JRE version: Java(TM) SE Runtime Environment (8.0_102-b14) (build 1.8.0_102-b14)
# Java VM: Java HotSpot(TM) 64-Bit Server VM (25.102-b14 mixed mode windows-amd64 compressed oops)
Heap:
 PSYoungGen      total 6656K, used 5224K [0x00000000eb600000, 0x00000000ec900000, 0x0000000100000000)
  eden space 6144K, 85% used [0x00000000eb600000,0x00000000ebb1a208,0x00000000ebc00000)
  from space 512K, 0% used [0x00000000ebc00000,0x00000000ebc00000,0x00000000ebc80000)
  to   space 3584K, 0% used [0x00000000ec580000,0x00000000ec580000,0x00000000ec900000)
 ParOldGen       total 10240K, used 4728K [0x00000000c2200000, 0x00000000c2c00000, 0x00000000eb600000)
  object space 10240K, 46% used [0x00000000c2200000,0x00000000c269e1e8,0x00000000c2c00000)
 Metaspace       used 7358K, capacity 8180K, committed 8448K, reserved 1056768K
  class space    used 894K, capacity 944K, committed 1024K, reserved 1048576K
GC Heap History (10 events):
Event: 0.264 GC heap before
{Heap before GC invocations=2 (full 0):
 PSYoungGen      total 2048K, used 2016K [0x00000000eb600000, 0x00000000eba00000, 0x0000000100000000)
  eden space 1536K, 100% used [0x00000000eb600000,0x00000000eb780000,0x00000000eb780000)
  from space 512K, 93% used [0x00000000eb780000,0x00000000eb7f8020,0x00000000eb800000)
  to   space 512K, 0% used [0x00000000eb980000,0x00000000eb980000,0x00000000eba00000)
 ParOldGen       total 5632K, used 112K [0x00000000c2200000, 0x00000000c2780000, 0x00000000eb600000)
  object space 5632K, 1% used [0x00000000c2200000,0x00000000c221c000,0x00000000c2780000)
 Metaspace       used 4133K, capacity 5388K, committed 5760K, reserved 1056768K
  class space    used 489K, capacity 520K, committed 640K, reserved 1048576K
Event: 0.266 GC heap after
Heap after GC invocations=2 (full 0):
 PSYoungGen      total 3584K, used 480K [0x00000000eb600000, 0x00000000eba00000, 0x0000000100000000)
  eden space 3072K, 0% used [0x00000000eb600000,0x00000000eb600000,0x00000000eb900000)
  from space 512K, 93% used [0x00000000eb980000,0x00000000eb9f8020,0x00000000eba00000)
  to   space 512K, 0% used [0x00000000eb900000,0x00000000eb900000,0x00000000eb980000)
 ParOldGen       total 5632K, used 168K [0x00000000c2200000, 0x00000000c2780000, 0x00000000eb600000)
  object space 5632K, 2% used [0x00000000c2200000,0x00000000c222a000,0x00000000c2780000)
 Metaspace       used 4133K, capacity 5388K, committed 5760K, reserved 1056768K
  class space    used 489K, capacity 520K, committed 640K, reserved 1048576K
}
Event: 0.390 GC heap before
{Heap before GC invocations=3 (full 0):
 PSYoungGen      total 3584K, used 3436K [0x00000000eb600000, 0x00000000eba00000, 0x0000000100000000)
  eden space 3072K, 96% used [0x00000000eb600000,0x00000000eb8e30e0,0x00000000eb900000)
  from space 512K, 93% used [0x00000000eb980000,0x00000000eb9f8020,0x00000000eba00000)
  to   space 512K, 0% used [0x00000000eb900000,0x00000000eb900000,0x00000000eb980000)
 ParOldGen       total 5632K, used 168K [0x00000000c2200000, 0x00000000c2780000, 0x00000000eb600000)
  object space 5632K, 2% used [0x00000000c2200000,0x00000000c222a000,0x00000000c2780000)
 Metaspace       used 5067K, capacity 6284K, committed 6656K, reserved 1056768K
  class space    used 620K, capacity 648K, committed 768K, reserved 1048576K
Event: 0.392 GC heap after
Heap after GC invocations=3 (full 0):
 PSYoungGen      total 3584K, used 495K [0x00000000eb600000, 0x00000000ebd00000, 0x0000000100000000)
  eden space 3072K, 0% used [0x00000000eb600000,0x00000000eb600000,0x00000000eb900000)
  from space 512K, 96% used [0x00000000eb900000,0x00000000eb97bc20,0x00000000eb980000)
  to   space 512K, 0% used [0x00000000ebc80000,0x00000000ebc80000,0x00000000ebd00000)
 ParOldGen       total 5632K, used 684K [0x00000000c2200000, 0x00000000c2780000, 0x00000000eb600000)
  object space 5632K, 12% used [0x00000000c2200000,0x00000000c22ab030,0x00000000c2780000)
 Metaspace       used 5067K, capacity 6284K, committed 6656K, reserved 1056768K
  class space    used 620K, capacity 648K, committed 768K, reserved 1048576K
}
Event: 0.508 GC heap before
{Heap before GC invocations=4 (full 0):
 PSYoungGen      total 3584K, used 3567K [0x00000000eb600000, 0x00000000ebd00000, 0x0000000100000000)
  eden space 3072K, 100% used [0x00000000eb600000,0x00000000eb900000,0x00000000eb900000)
  from space 512K, 96% used [0x00000000eb900000,0x00000000eb97bc20,0x00000000eb980000)
  to   space 512K, 0% used [0x00000000ebc80000,0x00000000ebc80000,0x00000000ebd00000)
 ParOldGen       total 5632K, used 684K [0x00000000c2200000, 0x00000000c2780000, 0x00000000eb600000)
  object space 5632K, 12% used [0x00000000c2200000,0x00000000c22ab030,0x00000000c2780000)
 Metaspace       used 6179K, capacity 7308K, committed 7552K, reserved 1056768K
  class space    used 773K, capacity 776K, committed 896K, reserved 1048576K
Event: 0.509 GC heap after
Heap after GC invocations=4 (full 0):
 PSYoungGen      total 6656K, used 512K [0x00000000eb600000, 0x00000000ebd00000, 0x0000000100000000)
  eden space 6144K, 0% used [0x00000000eb600000,0x00000000eb600000,0x00000000ebc00000)
  from space 512K, 100% used [0x00000000ebc80000,0x00000000ebd00000,0x00000000ebd00000)
  to   space 512K, 0% used [0x00000000ebc00000,0x00000000ebc00000,0x00000000ebc80000)
 ParOldGen       total 5632K, used 985K [0x00000000c2200000, 0x00000000c2780000, 0x00000000eb600000)
  object space 5632K, 17% used [0x00000000c2200000,0x00000000c22f6550,0x00000000c2780000)
 Metaspace       used 6179K, capacity 7308K, committed 7552K, reserved 1056768K
  class space    used 773K, capacity 776K, committed 896K, reserved 1048576K
}
Event: 0.673 GC heap before
{Heap before GC invocations=5 (full 0):
 PSYoungGen      total 6656K, used 6656K [0x00000000eb600000, 0x00000000ebd00000, 0x0000000100000000)
  eden space 6144K, 100% used [0x00000000eb600000,0x00000000ebc00000,0x00000000ebc00000)
  from space 512K, 100% used [0x00000000ebc80000,0x00000000ebd00000,0x00000000ebd00000)
  to   space 512K, 0% used [0x00000000ebc00000,0x00000000ebc00000,0x00000000ebc80000)
 ParOldGen       total 5632K, used 985K [0x00000000c2200000, 0x00000000c2780000, 0x00000000eb600000)
  object space 5632K, 17% used [0x00000000c2200000,0x00000000c22f6550,0x00000000c2780000)
 Metaspace       used 7328K, capacity 8180K, committed 8448K, reserved 1056768K
  class space    used 893K, capacity 944K, committed 1024K, reserved 1048576K
Event: 0.679 GC heap after
Heap after GC invocations=5 (full 0):
 PSYoungGen      total 6656K, used 496K [0x00000000eb600000, 0x00000000ec900000, 0x0000000100000000)
  eden space 6144K, 0% used [0x00000000eb600000,0x00000000eb600000,0x00000000ebc00000)
  from space 512K, 96% used [0x00000000ebc00000,0x00000000ebc7c010,0x00000000ebc80000)
  to   space 3584K, 0% used [0x00000000ec580000,0x00000000ec580000,0x00000000ec900000)
 ParOldGen       total 5632K, used 4381K [0x00000000c2200000, 0x00000000c2780000, 0x00000000eb600000)
  object space 5632K, 77% used [0x00000000c2200000,0x00000000c2647758,0x00000000c2780000)
 Metaspace       used 7328K, capacity 8180K, committed 8448K, reserved 1056768K
  class space    used 893K, capacity 944K, committed 1024K, reserved 1048576K
}
Event: 0.679 GC heap before
{Heap before GC invocations=6 (full 1):
 PSYoungGen      total 6656K, used 496K [0x00000000eb600000, 0x00000000ec900000, 0x0000000100000000)
  eden space 6144K, 0% used [0x00000000eb600000,0x00000000eb600000,0x00000000ebc00000)
  from space 512K, 96% used [0x00000000ebc00000,0x00000000ebc7c010,0x00000000ebc80000)
  to   space 3584K, 0% used [0x00000000ec580000,0x00000000ec580000,0x00000000ec900000)
 ParOldGen       total 5632K, used 4381K [0x00000000c2200000, 0x00000000c2780000, 0x00000000eb600000)
  object space 5632K, 77% used [0x00000000c2200000,0x00000000c2647758,0x00000000c2780000)
 Metaspace       used 7328K, capacity 8180K, committed 8448K, reserved 1056768K
  class space    used 893K, capacity 944K, committed 1024K, reserved 1048576K
Event: 0.709 GC heap after
Heap after GC invocations=6 (full 1):
 PSYoungGen      total 6656K, used 0K [0x00000000eb600000, 0x00000000ec900000, 0x0000000100000000)
  eden space 6144K, 0% used [0x00000000eb600000,0x00000000eb600000,0x00000000ebc00000)
  from space 512K, 0% used [0x00000000ebc00000,0x00000000ebc00000,0x00000000ebc80000)
  to   space 3584K, 0% used [0x00000000ec580000,0x00000000ec580000,0x00000000ec900000)
 ParOldGen       total 10240K, used 4728K [0x00000000c2200000, 0x00000000c2c00000, 0x00000000eb600000)
  object space 10240K, 46% used [0x00000000c2200000,0x00000000c269e1e8,0x00000000c2c00000)
 Metaspace       used 7328K, capacity 8180K, committed 8448K, reserved 1056768K
  class space    used 893K, capacity 944K, committed 1024K, reserved 1048576K
}

