# JRE version: Java(TM) SE Runtime Environment (8.0_102-b14) (build 1.8.0_102-b14)
# Java VM: Java HotSpot(TM) 64-Bit Server VM (25.102-b14 mixed mode windows-amd64 compressed oops)
Heap:
 PSYoungGen      total 6656K, used 5579K [0x00000000eb600000, 0x00000000ebd00000, 0x0000000100000000)
  eden space 6144K, 90% used [0x00000000eb600000,0x00000000ebb72d20,0x00000000ebc00000)
  from space 512K, 0% used [0x00000000ebc00000,0x00000000ebc00000,0x00000000ebc80000)
  to   space 512K, 0% used [0x00000000ebc80000,0x00000000ebc80000,0x00000000ebd00000)
 ParOldGen       total 5632K, used 4449K [0x00000000c2200000, 0x00000000c2780000, 0x00000000eb600000)
  object space 5632K, 79% used [0x00000000c2200000,0x00000000c2658550,0x00000000c2780000)
 Metaspace       used 7442K, capacity 8244K, committed 8448K, reserved 1056768K
  class space    used 896K, capacity 944K, committed 1024K, reserved 1048576K
GC Heap History (10 events):
Event: 0.299 GC heap before
{Heap before GC invocations=2 (full 0):
 PSYoungGen      total 2048K, used 2032K [0x00000000eb600000, 0x00000000eba00000, 0x0000000100000000)
  eden space 1536K, 100% used [0x00000000eb600000,0x00000000eb780000,0x00000000eb780000)
  from space 512K, 96% used [0x00000000eb780000,0x00000000eb7fc010,0x00000000eb800000)
  to   space 512K, 0% used [0x00000000eb980000,0x00000000eb980000,0x00000000eba00000)
 ParOldGen       total 5632K, used 112K [0x00000000c2200000, 0x00000000c2780000, 0x00000000eb600000)
  object space 5632K, 1% used [0x00000000c2200000,0x00000000c221c020,0x00000000c2780000)
 Metaspace       used 4134K, capacity 5388K, committed 5760K, reserved 1056768K
  class space    used 489K, capacity 520K, committed 640K, reserved 1048576K
Event: 0.301 GC heap after
Heap after GC invocations=2 (full 0):
 PSYoungGen      total 3584K, used 496K [0x00000000eb600000, 0x00000000eba00000, 0x0000000100000000)
  eden space 3072K, 0% used [0x00000000eb600000,0x00000000eb600000,0x00000000eb900000)
  from space 512K, 96% used [0x00000000eb980000,0x00000000eb9fc010,0x00000000eba00000)
  to   space 512K, 0% used [0x00000000eb900000,0x00000000eb900000,0x00000000eb980000)
 ParOldGen       total 5632K, used 168K [0x00000000c2200000, 0x00000000c2780000, 0x00000000eb600000)
  object space 5632K, 2% used [0x00000000c2200000,0x00000000c222a020,0x00000000c2780000)
 Metaspace       used 4134K, capacity 5388K, committed 5760K, reserved 1056768K
  class space    used 489K, capacity 520K, committed 640K, reserved 1048576K
}
Event: 0.392 GC heap before
{Heap before GC invocations=3 (full 0):
 PSYoungGen      total 3584K, used 3466K [0x00000000eb600000, 0x00000000eba00000, 0x0000000100000000)
  eden space 3072K, 96% used [0x00000000eb600000,0x00000000eb8e6b30,0x00000000eb900000)
  from space 512K, 96% used [0x00000000eb980000,0x00000000eb9fc010,0x00000000eba00000)
  to   space 512K, 0% used [0x00000000eb900000,0x00000000eb900000,0x00000000eb980000)
 ParOldGen       total 5632K, used 168K [0x00000000c2200000, 0x00000000c2780000, 0x00000000eb600000)
  object space 5632K, 2% used [0x00000000c2200000,0x00000000c222a020,0x00000000c2780000)
 Metaspace       used 5069K, capacity 6284K, committed 6656K, reserved 1056768K
  class space    used 620K, capacity 648K, committed 768K, reserved 1048576K
Event: 0.393 GC heap after
Heap after GC invocations=3 (full 0):
 PSYoungGen      total 3584K, used 511K [0x00000000eb600000, 0x00000000ebd00000, 0x0000000100000000)
  eden space 3072K, 0% used [0x00000000eb600000,0x00000000eb600000,0x00000000eb900000)
  from space 512K, 99% used [0x00000000eb900000,0x00000000eb97fc10,0x00000000eb980000)
  to   space 512K, 0% used [0x00000000ebc80000,0x00000000ebc80000,0x00000000ebd00000)
 ParOldGen       total 5632K, used 688K [0x00000000c2200000, 0x00000000c2780000, 0x00000000eb600000)
  object space 5632K, 12% used [0x00000000c2200000,0x00000000c22ac040,0x00000000c2780000)
 Metaspace       used 5069K, capacity 6284K, committed 6656K, reserved 1056768K
  class space    used 620K, capacity 648K, committed 768K, reserved 1048576K
}
Event: 0.510 GC heap before
{Heap before GC invocations=4 (full 0):
 PSYoungGen      total 3584K, used 3583K [0x00000000eb600000, 0x00000000ebd00000, 0x0000000100000000)
  eden space 3072K, 100% used [0x00000000eb600000,0x00000000eb900000,0x00000000eb900000)
  from space 512K, 99% used [0x00000000eb900000,0x00000000eb97fc10,0x00000000eb980000)
  to   space 512K, 0% used [0x00000000ebc80000,0x00000000ebc80000,0x00000000ebd00000)
 ParOldGen       total 5632K, used 688K [0x00000000c2200000, 0x00000000c2780000, 0x00000000eb600000)
  object space 5632K, 12% used [0x00000000c2200000,0x00000000c22ac040,0x00000000c2780000)
 Metaspace       used 6181K, capacity 7308K, committed 7552K, reserved 1056768K
  class space    used 772K, capacity 776K, committed 896K, reserved 1048576K
Event: 0.511 GC heap after
Heap after GC invocations=4 (full 0):
 PSYoungGen      total 6656K, used 496K [0x00000000eb600000, 0x00000000ebd00000, 0x0000000100000000)
  eden space 6144K, 0% used [0x00000000eb600000,0x00000000eb600000,0x00000000ebc00000)
  from space 512K, 96% used [0x00000000ebc80000,0x00000000ebcfc010,0x00000000ebd00000)
  to   space 512K, 0% used [0x00000000ebc00000,0x00000000ebc00000,0x00000000ebc80000)
 ParOldGen       total 5632K, used 992K [0x00000000c2200000, 0x00000000c2780000, 0x00000000eb600000)
  object space 5632K, 17% used [0x00000000c2200000,0x00000000c22f8070,0x00000000c2780000)
 Metaspace       used 6181K, capacity 7308K, committed 7552K, reserved 1056768K
  class space    used 772K, capacity 776K, committed 896K, reserved 1048576K
}
Event: 0.706 GC heap before
{Heap before GC invocations=5 (full 0):
 PSYoungGen      total 6656K, used 6640K [0x00000000eb600000, 0x00000000ebd00000, 0x0000000100000000)
  eden space 6144K, 100% used [0x00000000eb600000,0x00000000ebc00000,0x00000000ebc00000)
  from space 512K, 96% used [0x00000000ebc80000,0x00000000ebcfc010,0x00000000ebd00000)
  to   space 512K, 0% used [0x00000000ebc00000,0x00000000ebc00000,0x00000000ebc80000)
 ParOldGen       total 5632K, used 992K [0x00000000c2200000, 0x00000000c2780000, 0x00000000eb600000)
  object space 5632K, 17% used [0x00000000c2200000,0x00000000c22f8070,0x00000000c2780000)
 Metaspace       used 7424K, capacity 8244K, committed 8448K, reserved 1056768K
  class space    used 895K, capacity 944K, committed 1024K, reserved 1048576K
Event: 0.713 GC heap after
Heap after GC invocations=5 (full 0):
 PSYoungGen      total 6656K, used 496K [0x00000000eb600000, 0x00000000ebd00000, 0x0000000100000000)
  eden space 6144K, 0% used [0x00000000eb600000,0x00000000eb600000,0x00000000ebc00000)
  from space 512K, 96% used [0x00000000ebc00000,0x00000000ebc7c010,0x00000000ebc80000)
  to   space 512K, 0% used [0x00000000ebc80000,0x00000000ebc80000,0x00000000ebd00000)
 ParOldGen       total 5632K, used 4079K [0x00000000c2200000, 0x00000000c2780000, 0x00000000eb600000)
  object space 5632K, 72% used [0x00000000c2200000,0x00000000c25fbf88,0x00000000c2780000)
 Metaspace       used 7424K, capacity 8244K, committed 8448K, reserved 1056768K
  class space    used 895K, capacity 944K, committed 1024K, reserved 1048576K
}
Event: 0.713 GC heap before
{Heap before GC invocations=6 (full 1):
 PSYoungGen      total 6656K, used 496K [0x00000000eb600000, 0x00000000ebd00000, 0x0000000100000000)
  eden space 6144K, 0% used [0x00000000eb600000,0x00000000eb600000,0x00000000ebc00000)
  from space 512K, 96% used [0x00000000ebc00000,0x00000000ebc7c010,0x00000000ebc80000)
  to   space 512K, 0% used [0x00000000ebc80000,0x00000000ebc80000,0x00000000ebd00000)
 ParOldGen       total 5632K, used 4079K [0x00000000c2200000, 0x00000000c2780000, 0x00000000eb600000)
  object space 5632K, 72% used [0x00000000c2200000,0x00000000c25fbf88,0x00000000c2780000)
 Metaspace       used 7424K, capacity 8244K, committed 8448K, reserved 1056768K
  class space    used 895K, capacity 944K, committed 1024K, reserved 1048576K
Event: 0.742 GC heap after
Heap after GC invocations=6 (full 1):
 PSYoungGen      total 6656K, used 0K [0x00000000eb600000, 0x00000000ebd00000, 0x0000000100000000)
  eden space 6144K, 0% used [0x00000000eb600000,0x00000000eb600000,0x00000000ebc00000)
  from space 512K, 0% used [0x00000000ebc00000,0x00000000ebc00000,0x00000000ebc80000)
  to   space 512K, 0% used [0x00000000ebc80000,0x00000000ebc80000,0x00000000ebd00000)
 ParOldGen       total 5632K, used 4449K [0x00000000c2200000, 0x00000000c2780000, 0x00000000eb600000)
  object space 5632K, 79% used [0x00000000c2200000,0x00000000c2658550,0x00000000c2780000)
 Metaspace       used 7424K, capacity 8244K, committed 8448K, reserved 1056768K
  class space    used 895K, capacity 944K, committed 1024K, reserved 1048576K
}

