# JRE version: Java(TM) SE Runtime Environment (8.0_102-b14) (build 1.8.0_102-b14)
# Java VM: Java HotSpot(TM) 64-Bit Server VM (25.102-b14 mixed mode windows-amd64 compressed oops)
Heap:
 PSYoungGen      total 6656K, used 3116K [0x00000000eb600000, 0x00000000ebd00000, 0x0000000100000000)
  eden space 6144K, 50% used [0x00000000eb600000,0x00000000eb90b3f0,0x00000000ebc00000)
  from space 512K, 0% used [0x00000000ebc80000,0x00000000ebc80000,0x00000000ebd00000)
  to   space 512K, 0% used [0x00000000ebc00000,0x00000000ebc00000,0x00000000ebc80000)
 ParOldGen       total 10240K, used 7607K [0x00000000c2200000, 0x00000000c2c00000, 0x00000000eb600000)
  object space 10240K, 74% used [0x00000000c2200000,0x00000000c296de78,0x00000000c2c00000)
 Metaspace       used 8568K, capacity 9022K, committed 9216K, reserved 1056768K
  class space    used 994K, capacity 1010K, committed 1024K, reserved 1048576K
GC Heap History (10 events):
Event: 0.767 GC heap before
{Heap before GC invocations=7 (full 1):
 PSYoungGen      total 6656K, used 6028K [0x00000000eb600000, 0x00000000ebd00000, 0x0000000100000000)
  eden space 6144K, 98% used [0x00000000eb600000,0x00000000ebbe3240,0x00000000ebc00000)
  from space 512K, 0% used [0x00000000ebc00000,0x00000000ebc00000,0x00000000ebc80000)
  to   space 512K, 0% used [0x00000000ebc80000,0x00000000ebc80000,0x00000000ebd00000)
 ParOldGen       total 10240K, used 4502K [0x00000000c2200000, 0x00000000c2c00000, 0x00000000eb600000)
  object space 10240K, 43% used [0x00000000c2200000,0x00000000c26658c0,0x00000000c2c00000)
 Metaspace       used 7433K, capacity 8244K, committed 8448K, reserved 1056768K
  class space    used 894K, capacity 944K, committed 1024K, reserved 1048576K
Event: 0.773 GC heap after
Heap after GC invocations=7 (full 1):
 PSYoungGen      total 6656K, used 505K [0x00000000eb600000, 0x00000000ebd00000, 0x0000000100000000)
  eden space 6144K, 0% used [0x00000000eb600000,0x00000000eb600000,0x00000000ebc00000)
  from space 512K, 98% used [0x00000000ebc80000,0x00000000ebcfe478,0x00000000ebd00000)
  to   space 512K, 0% used [0x00000000ebc00000,0x00000000ebc00000,0x00000000ebc80000)
 ParOldGen       total 10240K, used 7954K [0x00000000c2200000, 0x00000000c2c00000, 0x00000000eb600000)
  object space 10240K, 77% used [0x00000000c2200000,0x00000000c29c48c0,0x00000000c2c00000)
 Metaspace       used 7433K, capacity 8244K, committed 8448K, reserved 1056768K
  class space    used 894K, capacity 944K, committed 1024K, reserved 1048576K
}
Event: 0.773 GC heap before
{Heap before GC invocations=8 (full 2):
 PSYoungGen      total 6656K, used 505K [0x00000000eb600000, 0x00000000ebd00000, 0x0000000100000000)
  eden space 6144K, 0% used [0x00000000eb600000,0x00000000eb600000,0x00000000ebc00000)
  from space 512K, 98% used [0x00000000ebc80000,0x00000000ebcfe478,0x00000000ebd00000)
  to   space 512K, 0% used [0x00000000ebc00000,0x00000000ebc00000,0x00000000ebc80000)
 ParOldGen       total 10240K, used 7954K [0x00000000c2200000, 0x00000000c2c00000, 0x00000000eb600000)
  object space 10240K, 77% used [0x00000000c2200000,0x00000000c29c48c0,0x00000000c2c00000)
 Metaspace       used 7433K, capacity 8244K, committed 8448K, reserved 1056768K
  class space    used 894K, capacity 944K, committed 1024K, reserved 1048576K
Event: 0.807 GC heap after
Heap after GC invocations=8 (full 2):
 PSYoungGen      total 6656K, used 0K [0x00000000eb600000, 0x00000000ebd00000, 0x0000000100000000)
  eden space 6144K, 0% used [0x00000000eb600000,0x00000000eb600000,0x00000000ebc00000)
  from space 512K, 0% used [0x00000000ebc80000,0x00000000ebc80000,0x00000000ebd00000)
  to   space 512K, 0% used [0x00000000ebc00000,0x00000000ebc00000,0x00000000ebc80000)
 ParOldGen       total 10240K, used 6246K [0x00000000c2200000, 0x00000000c2c00000, 0x00000000eb600000)
  object space 10240K, 60% used [0x00000000c2200000,0x00000000c2819810,0x00000000c2c00000)
 Metaspace       used 7433K, capacity 8244K, committed 8448K, reserved 1056768K
  class space    used 894K, capacity 944K, committed 1024K, reserved 1048576K
}
Event: 0.895 GC heap before
{Heap before GC invocations=9 (full 2):
 PSYoungGen      total 6656K, used 6144K [0x00000000eb600000, 0x00000000ebd00000, 0x0000000100000000)
  eden space 6144K, 100% used [0x00000000eb600000,0x00000000ebc00000,0x00000000ebc00000)
  from space 512K, 0% used [0x00000000ebc80000,0x00000000ebc80000,0x00000000ebd00000)
  to   space 512K, 0% used [0x00000000ebc00000,0x00000000ebc00000,0x00000000ebc80000)
 ParOldGen       total 10240K, used 6246K [0x00000000c2200000, 0x00000000c2c00000, 0x00000000eb600000)
  object space 10240K, 60% used [0x00000000c2200000,0x00000000c2819810,0x00000000c2c00000)
 Metaspace       used 7604K, capacity 8372K, committed 8704K, reserved 1056768K
  class space    used 906K, capacity 944K, committed 1024K, reserved 1048576K
Event: 0.897 GC heap after
Heap after GC invocations=9 (full 2):
 PSYoungGen      total 6656K, used 512K [0x00000000eb600000, 0x00000000ebd00000, 0x0000000100000000)
  eden space 6144K, 0% used [0x00000000eb600000,0x00000000eb600000,0x00000000ebc00000)
  from space 512K, 100% used [0x00000000ebc00000,0x00000000ebc80000,0x00000000ebc80000)
  to   space 512K, 0% used [0x00000000ebc80000,0x00000000ebc80000,0x00000000ebd00000)
 ParOldGen       total 10240K, used 6539K [0x00000000c2200000, 0x00000000c2c00000, 0x00000000eb600000)
  object space 10240K, 63% used [0x00000000c2200000,0x00000000c2862de0,0x00000000c2c00000)
 Metaspace       used 7604K, capacity 8372K, committed 8704K, reserved 1056768K
  class space    used 906K, capacity 944K, committed 1024K, reserved 1048576K
}
Event: 1.044 GC heap before
{Heap before GC invocations=10 (full 2):
 PSYoungGen      total 6656K, used 6656K [0x00000000eb600000, 0x00000000ebd00000, 0x0000000100000000)
  eden space 6144K, 100% used [0x00000000eb600000,0x00000000ebc00000,0x00000000ebc00000)
  from space 512K, 100% used [0x00000000ebc00000,0x00000000ebc80000,0x00000000ebc80000)
  to   space 512K, 0% used [0x00000000ebc80000,0x00000000ebc80000,0x00000000ebd00000)
 ParOldGen       total 10240K, used 6539K [0x00000000c2200000, 0x00000000c2c00000, 0x00000000eb600000)
  object space 10240K, 63% used [0x00000000c2200000,0x00000000c2862de0,0x00000000c2c00000)
 Metaspace       used 7846K, capacity 8564K, committed 8704K, reserved 1056768K
  class space    used 928K, capacity 944K, committed 1024K, reserved 1048576K
Event: 1.047 GC heap after
Heap after GC invocations=10 (full 2):
 PSYoungGen      total 6656K, used 512K [0x00000000eb600000, 0x00000000ebd00000, 0x0000000100000000)
  eden space 6144K, 0% used [0x00000000eb600000,0x00000000eb600000,0x00000000ebc00000)
  from space 512K, 100% used [0x00000000ebc80000,0x00000000ebd00000,0x00000000ebd00000)
  to   space 512K, 0% used [0x00000000ebc00000,0x00000000ebc00000,0x00000000ebc80000)
 ParOldGen       total 10240K, used 7330K [0x00000000c2200000, 0x00000000c2c00000, 0x00000000eb600000)
  object space 10240K, 71% used [0x00000000c2200000,0x00000000c29289a0,0x00000000c2c00000)
 Metaspace       used 7846K, capacity 8564K, committed 8704K, reserved 1056768K
  class space    used 928K, capacity 944K, committed 1024K, reserved 1048576K
}
Event: 1.047 GC heap before
{Heap before GC invocations=11 (full 3):
 PSYoungGen      total 6656K, used 512K [0x00000000eb600000, 0x00000000ebd00000, 0x0000000100000000)
  eden space 6144K, 0% used [0x00000000eb600000,0x00000000eb600000,0x00000000ebc00000)
  from space 512K, 100% used [0x00000000ebc80000,0x00000000ebd00000,0x00000000ebd00000)
  to   space 512K, 0% used [0x00000000ebc00000,0x00000000ebc00000,0x00000000ebc80000)
 ParOldGen       total 10240K, used 7330K [0x00000000c2200000, 0x00000000c2c00000, 0x00000000eb600000)
  object space 10240K, 71% used [0x00000000c2200000,0x00000000c29289a0,0x00000000c2c00000)
 Metaspace       used 7846K, capacity 8564K, committed 8704K, reserved 1056768K
  class space    used 928K, capacity 944K, committed 1024K, reserved 1048576K
Event: 1.135 GC heap after
Heap after GC invocations=11 (full 3):
 PSYoungGen      total 6656K, used 0K [0x00000000eb600000, 0x00000000ebd00000, 0x0000000100000000)
  eden space 6144K, 0% used [0x00000000eb600000,0x00000000eb600000,0x00000000ebc00000)
  from space 512K, 0% used [0x00000000ebc80000,0x00000000ebc80000,0x00000000ebd00000)
  to   space 512K, 0% used [0x00000000ebc00000,0x00000000ebc00000,0x00000000ebc80000)
 ParOldGen       total 10240K, used 7607K [0x00000000c2200000, 0x00000000c2c00000, 0x00000000eb600000)
  object space 10240K, 74% used [0x00000000c2200000,0x00000000c296de78,0x00000000c2c00000)
 Metaspace       used 7846K, capacity 8564K, committed 8704K, reserved 1056768K
  class space    used 928K, capacity 944K, committed 1024K, reserved 1048576K
}

