# JRE version: Java(TM) SE Runtime Environment (8.0_102-b14) (build 1.8.0_102-b14)
# Java VM: Java HotSpot(TM) 64-Bit Server VM (25.102-b14 mixed mode windows-amd64 compressed oops)
Heap:
 PSYoungGen      total 14336K, used 8430K [0x00000000eb600000, 0x00000000ecd00000, 0x0000000100000000)
  eden space 9216K, 35% used [0x00000000eb600000,0x00000000eb93cd68,0x00000000ebf00000)
  from space 5120K, 99% used [0x00000000ec800000,0x00000000eccfeae8,0x00000000ecd00000)
  to   space 4608K, 0% used [0x00000000ebf00000,0x00000000ebf00000,0x00000000ec380000)
 ParOldGen       total 9216K, used 6487K [0x00000000c2200000, 0x00000000c2b00000, 0x00000000eb600000)
  object space 9216K, 70% used [0x00000000c2200000,0x00000000c2855f90,0x00000000c2b00000)
 Metaspace       used 8916K, capacity 9310K, committed 9600K, reserved 1058816K
  class space    used 1031K, capacity 1042K, committed 1152K, reserved 1048576K
GC Heap History (10 events):
Event: 0.748 GC heap before
{Heap before GC invocations=5 (full 0):
 PSYoungGen      total 6656K, used 6656K [0x00000000eb600000, 0x00000000ebd00000, 0x0000000100000000)
  eden space 6144K, 100% used [0x00000000eb600000,0x00000000ebc00000,0x00000000ebc00000)
  from space 512K, 100% used [0x00000000ebc80000,0x00000000ebd00000,0x00000000ebd00000)
  to   space 512K, 0% used [0x00000000ebc00000,0x00000000ebc00000,0x00000000ebc80000)
 ParOldGen       total 5632K, used 984K [0x00000000c2200000, 0x00000000c2780000, 0x00000000eb600000)
  object space 5632K, 17% used [0x00000000c2200000,0x00000000c22f6348,0x00000000c2780000)
 Metaspace       used 7434K, capacity 8244K, committed 8448K, reserved 1056768K
  class space    used 895K, capacity 944K, committed 1024K, reserved 1048576K
Event: 0.756 GC heap after
Heap after GC invocations=5 (full 0):
 PSYoungGen      total 6656K, used 512K [0x00000000eb600000, 0x00000000ec800000, 0x0000000100000000)
  eden space 6144K, 0% used [0x00000000eb600000,0x00000000eb600000,0x00000000ebc00000)
  from space 512K, 100% used [0x00000000ebc00000,0x00000000ebc80000,0x00000000ebc80000)
  to   space 3072K, 0% used [0x00000000ec500000,0x00000000ec500000,0x00000000ec800000)
 ParOldGen       total 5632K, used 3943K [0x00000000c2200000, 0x00000000c2780000, 0x00000000eb600000)
  object space 5632K, 70% used [0x00000000c2200000,0x00000000c25d9c60,0x00000000c2780000)
 Metaspace       used 7434K, capacity 8244K, committed 8448K, reserved 1056768K
  class space    used 895K, capacity 944K, committed 1024K, reserved 1048576K
}
Event: 0.756 GC heap before
{Heap before GC invocations=6 (full 1):
 PSYoungGen      total 6656K, used 512K [0x00000000eb600000, 0x00000000ec800000, 0x0000000100000000)
  eden space 6144K, 0% used [0x00000000eb600000,0x00000000eb600000,0x00000000ebc00000)
  from space 512K, 100% used [0x00000000ebc00000,0x00000000ebc80000,0x00000000ebc80000)
  to   space 3072K, 0% used [0x00000000ec500000,0x00000000ec500000,0x00000000ec800000)
 ParOldGen       total 5632K, used 3943K [0x00000000c2200000, 0x00000000c2780000, 0x00000000eb600000)
  object space 5632K, 70% used [0x00000000c2200000,0x00000000c25d9c60,0x00000000c2780000)
 Metaspace       used 7434K, capacity 8244K, committed 8448K, reserved 1056768K
  class space    used 895K, capacity 944K, committed 1024K, reserved 1048576K
Event: 0.788 GC heap after
Heap after GC invocations=6 (full 1):
 PSYoungGen      total 6656K, used 0K [0x00000000eb600000, 0x00000000ec800000, 0x0000000100000000)
  eden space 6144K, 0% used [0x00000000eb600000,0x00000000eb600000,0x00000000ebc00000)
  from space 512K, 0% used [0x00000000ebc00000,0x00000000ebc00000,0x00000000ebc80000)
  to   space 3072K, 0% used [0x00000000ec500000,0x00000000ec500000,0x00000000ec800000)
 ParOldGen       total 9216K, used 4321K [0x00000000c2200000, 0x00000000c2b00000, 0x00000000eb600000)
  object space 9216K, 46% used [0x00000000c2200000,0x00000000c26386c8,0x00000000c2b00000)
 Metaspace       used 7434K, capacity 8244K, committed 8448K, reserved 1056768K
  class space    used 895K, capacity 944K, committed 1024K, reserved 1048576K
}
Event: 0.878 GC heap before
{Heap before GC invocations=7 (full 1):
 PSYoungGen      total 6656K, used 6144K [0x00000000eb600000, 0x00000000ec800000, 0x0000000100000000)
  eden space 6144K, 100% used [0x00000000eb600000,0x00000000ebc00000,0x00000000ebc00000)
  from space 512K, 0% used [0x00000000ebc00000,0x00000000ebc00000,0x00000000ebc80000)
  to   space 3072K, 0% used [0x00000000ec500000,0x00000000ec500000,0x00000000ec800000)
 ParOldGen       total 9216K, used 4321K [0x00000000c2200000, 0x00000000c2b00000, 0x00000000eb600000)
  object space 9216K, 46% used [0x00000000c2200000,0x00000000c26386c8,0x00000000c2b00000)
 Metaspace       used 7456K, capacity 8244K, committed 8448K, reserved 1056768K
  class space    used 896K, capacity 944K, committed 1024K, reserved 1048576K
Event: 0.884 GC heap after
Heap after GC invocations=7 (full 1):
 PSYoungGen      total 12288K, used 3049K [0x00000000eb600000, 0x00000000ec800000, 0x0000000100000000)
  eden space 9216K, 0% used [0x00000000eb600000,0x00000000eb600000,0x00000000ebf00000)
  from space 3072K, 99% used [0x00000000ec500000,0x00000000ec7fa748,0x00000000ec800000)
  to   space 4608K, 0% used [0x00000000ebf00000,0x00000000ebf00000,0x00000000ec380000)
 ParOldGen       total 9216K, used 5415K [0x00000000c2200000, 0x00000000c2b00000, 0x00000000eb600000)
  object space 9216K, 58% used [0x00000000c2200000,0x00000000c2749f90,0x00000000c2b00000)
 Metaspace       used 7456K, capacity 8244K, committed 8448K, reserved 1056768K
  class space    used 896K, capacity 944K, committed 1024K, reserved 1048576K
}
Event: 1.042 GC heap before
{Heap before GC invocations=8 (full 1):
 PSYoungGen      total 12288K, used 12265K [0x00000000eb600000, 0x00000000ec800000, 0x0000000100000000)
  eden space 9216K, 100% used [0x00000000eb600000,0x00000000ebf00000,0x00000000ebf00000)
  from space 3072K, 99% used [0x00000000ec500000,0x00000000ec7fa748,0x00000000ec800000)
  to   space 4608K, 0% used [0x00000000ebf00000,0x00000000ebf00000,0x00000000ec380000)
 ParOldGen       total 9216K, used 5415K [0x00000000c2200000, 0x00000000c2b00000, 0x00000000eb600000)
  object space 9216K, 58% used [0x00000000c2200000,0x00000000c2749f90,0x00000000c2b00000)
 Metaspace       used 7674K, capacity 8436K, committed 8704K, reserved 1056768K
  class space    used 908K, capacity 944K, committed 1024K, reserved 1048576K
Event: 1.049 GC heap after
Heap after GC invocations=8 (full 1):
 PSYoungGen      total 13824K, used 4130K [0x00000000eb600000, 0x00000000ecd00000, 0x0000000100000000)
  eden space 9216K, 0% used [0x00000000eb600000,0x00000000eb600000,0x00000000ebf00000)
  from space 4608K, 89% used [0x00000000ebf00000,0x00000000ec308bc0,0x00000000ec380000)
  to   space 5120K, 0% used [0x00000000ec800000,0x00000000ec800000,0x00000000ecd00000)
 ParOldGen       total 9216K, used 5423K [0x00000000c2200000, 0x00000000c2b00000, 0x00000000eb600000)
  object space 9216K, 58% used [0x00000000c2200000,0x00000000c274bf90,0x00000000c2b00000)
 Metaspace       used 7674K, capacity 8436K, committed 8704K, reserved 1056768K
  class space    used 908K, capacity 944K, committed 1024K, reserved 1048576K
}
Event: 1.562 GC heap before
{Heap before GC invocations=9 (full 1):
 PSYoungGen      total 13824K, used 13346K [0x00000000eb600000, 0x00000000ecd00000, 0x0000000100000000)
  eden space 9216K, 100% used [0x00000000eb600000,0x00000000ebf00000,0x00000000ebf00000)
  from space 4608K, 89% used [0x00000000ebf00000,0x00000000ec308bc0,0x00000000ec380000)
  to   space 5120K, 0% used [0x00000000ec800000,0x00000000ec800000,0x00000000ecd00000)
 ParOldGen       total 9216K, used 5423K [0x00000000c2200000, 0x00000000c2b00000, 0x00000000eb600000)
  object space 9216K, 58% used [0x00000000c2200000,0x00000000c274bf90,0x00000000c2b00000)
 Metaspace       used 8806K, capacity 9246K, committed 9600K, reserved 1058816K
  class space    used 1030K, capacity 1042K, committed 1152K, reserved 1048576K
Event: 1.572 GC heap after
Heap after GC invocations=9 (full 1):
 PSYoungGen      total 14336K, used 5114K [0x00000000eb600000, 0x00000000ecd00000, 0x0000000100000000)
  eden space 9216K, 0% used [0x00000000eb600000,0x00000000eb600000,0x00000000ebf00000)
  from space 5120K, 99% used [0x00000000ec800000,0x00000000eccfeae8,0x00000000ecd00000)
  to   space 4608K, 0% used [0x00000000ebf00000,0x00000000ebf00000,0x00000000ec380000)
 ParOldGen       total 9216K, used 6487K [0x00000000c2200000, 0x00000000c2b00000, 0x00000000eb600000)
  object space 9216K, 70% used [0x00000000c2200000,0x00000000c2855f90,0x00000000c2b00000)
 Metaspace       used 8806K, capacity 9246K, committed 9600K, reserved 1058816K
  class space    used 1030K, capacity 1042K, committed 1152K, reserved 1048576K
}

