# JRE version: Java(TM) SE Runtime Environment (8.0_102-b14) (build 1.8.0_102-b14)
# Java VM: Java HotSpot(TM) 64-Bit Server VM (25.102-b14 mixed mode windows-amd64 compressed oops)
Heap:
 PSYoungGen      total 14336K, used 8594K [0x00000000eb600000, 0x00000000ecd00000, 0x0000000100000000)
  eden space 9216K, 37% used [0x00000000eb600000,0x00000000eb96b580,0x00000000ebf00000)
  from space 5120K, 99% used [0x00000000ec800000,0x00000000eccf94b8,0x00000000ecd00000)
  to   space 4608K, 0% used [0x00000000ebf00000,0x00000000ebf00000,0x00000000ec380000)
 ParOldGen       total 9216K, used 6506K [0x00000000c2200000, 0x00000000c2b00000, 0x00000000eb600000)
  object space 9216K, 70% used [0x00000000c2200000,0x00000000c285a9b0,0x00000000c2b00000)
 Metaspace       used 8915K, capacity 9310K, committed 9600K, reserved 1058816K
  class space    used 1034K, capacity 1042K, committed 1152K, reserved 1048576K
GC Heap History (10 events):
Event: 0.774 GC heap before
{Heap before GC invocations=5 (full 0):
 PSYoungGen      total 6656K, used 6656K [0x00000000eb600000, 0x00000000ebd00000, 0x0000000100000000)
  eden space 6144K, 100% used [0x00000000eb600000,0x00000000ebc00000,0x00000000ebc00000)
  from space 512K, 100% used [0x00000000ebc80000,0x00000000ebd00000,0x00000000ebd00000)
  to   space 512K, 0% used [0x00000000ebc00000,0x00000000ebc00000,0x00000000ebc80000)
 ParOldGen       total 5632K, used 980K [0x00000000c2200000, 0x00000000c2780000, 0x00000000eb600000)
  object space 5632K, 17% used [0x00000000c2200000,0x00000000c22f5080,0x00000000c2780000)
 Metaspace       used 7459K, capacity 8308K, committed 8448K, reserved 1056768K
  class space    used 898K, capacity 944K, committed 1024K, reserved 1048576K
Event: 0.781 GC heap after
Heap after GC invocations=5 (full 0):
 PSYoungGen      total 6656K, used 487K [0x00000000eb600000, 0x00000000ec800000, 0x0000000100000000)
  eden space 6144K, 0% used [0x00000000eb600000,0x00000000eb600000,0x00000000ebc00000)
  from space 512K, 95% used [0x00000000ebc00000,0x00000000ebc79f00,0x00000000ebc80000)
  to   space 3072K, 0% used [0x00000000ec500000,0x00000000ec500000,0x00000000ec800000)
 ParOldGen       total 5632K, used 3972K [0x00000000c2200000, 0x00000000c2780000, 0x00000000eb600000)
  object space 5632K, 70% used [0x00000000c2200000,0x00000000c25e12a0,0x00000000c2780000)
 Metaspace       used 7459K, capacity 8308K, committed 8448K, reserved 1056768K
  class space    used 898K, capacity 944K, committed 1024K, reserved 1048576K
}
Event: 0.782 GC heap before
{Heap before GC invocations=6 (full 1):
 PSYoungGen      total 6656K, used 487K [0x00000000eb600000, 0x00000000ec800000, 0x0000000100000000)
  eden space 6144K, 0% used [0x00000000eb600000,0x00000000eb600000,0x00000000ebc00000)
  from space 512K, 95% used [0x00000000ebc00000,0x00000000ebc79f00,0x00000000ebc80000)
  to   space 3072K, 0% used [0x00000000ec500000,0x00000000ec500000,0x00000000ec800000)
 ParOldGen       total 5632K, used 3972K [0x00000000c2200000, 0x00000000c2780000, 0x00000000eb600000)
  object space 5632K, 70% used [0x00000000c2200000,0x00000000c25e12a0,0x00000000c2780000)
 Metaspace       used 7459K, capacity 8308K, committed 8448K, reserved 1056768K
  class space    used 898K, capacity 944K, committed 1024K, reserved 1048576K
Event: 0.815 GC heap after
Heap after GC invocations=6 (full 1):
 PSYoungGen      total 6656K, used 0K [0x00000000eb600000, 0x00000000ec800000, 0x0000000100000000)
  eden space 6144K, 0% used [0x00000000eb600000,0x00000000eb600000,0x00000000ebc00000)
  from space 512K, 0% used [0x00000000ebc00000,0x00000000ebc00000,0x00000000ebc80000)
  to   space 3072K, 0% used [0x00000000ec500000,0x00000000ec500000,0x00000000ec800000)
 ParOldGen       total 9216K, used 4321K [0x00000000c2200000, 0x00000000c2b00000, 0x00000000eb600000)
  object space 9216K, 46% used [0x00000000c2200000,0x00000000c2638418,0x00000000c2b00000)
 Metaspace       used 7459K, capacity 8308K, committed 8448K, reserved 1056768K
  class space    used 898K, capacity 944K, committed 1024K, reserved 1048576K
}
Event: 0.942 GC heap before
{Heap before GC invocations=7 (full 1):
 PSYoungGen      total 6656K, used 6144K [0x00000000eb600000, 0x00000000ec800000, 0x0000000100000000)
  eden space 6144K, 100% used [0x00000000eb600000,0x00000000ebc00000,0x00000000ebc00000)
  from space 512K, 0% used [0x00000000ebc00000,0x00000000ebc00000,0x00000000ebc80000)
  to   space 3072K, 0% used [0x00000000ec500000,0x00000000ec500000,0x00000000ec800000)
 ParOldGen       total 9216K, used 4321K [0x00000000c2200000, 0x00000000c2b00000, 0x00000000eb600000)
  object space 9216K, 46% used [0x00000000c2200000,0x00000000c2638418,0x00000000c2b00000)
 Metaspace       used 7480K, capacity 8308K, committed 8448K, reserved 1056768K
  class space    used 899K, capacity 944K, committed 1024K, reserved 1048576K
Event: 0.951 GC heap after
Heap after GC invocations=7 (full 1):
 PSYoungGen      total 12288K, used 3063K [0x00000000eb600000, 0x00000000ec800000, 0x0000000100000000)
  eden space 9216K, 0% used [0x00000000eb600000,0x00000000eb600000,0x00000000ebf00000)
  from space 3072K, 99% used [0x00000000ec500000,0x00000000ec7fddd8,0x00000000ec800000)
  to   space 4608K, 0% used [0x00000000ebf00000,0x00000000ebf00000,0x00000000ec380000)
 ParOldGen       total 9216K, used 5386K [0x00000000c2200000, 0x00000000c2b00000, 0x00000000eb600000)
  object space 9216K, 58% used [0x00000000c2200000,0x00000000c27429b0,0x00000000c2b00000)
 Metaspace       used 7480K, capacity 8308K, committed 8448K, reserved 1056768K
  class space    used 899K, capacity 944K, committed 1024K, reserved 1048576K
}
Event: 1.130 GC heap before
{Heap before GC invocations=8 (full 1):
 PSYoungGen      total 12288K, used 12279K [0x00000000eb600000, 0x00000000ec800000, 0x0000000100000000)
  eden space 9216K, 100% used [0x00000000eb600000,0x00000000ebf00000,0x00000000ebf00000)
  from space 3072K, 99% used [0x00000000ec500000,0x00000000ec7fddd8,0x00000000ec800000)
  to   space 4608K, 0% used [0x00000000ebf00000,0x00000000ebf00000,0x00000000ec380000)
 ParOldGen       total 9216K, used 5386K [0x00000000c2200000, 0x00000000c2b00000, 0x00000000eb600000)
  object space 9216K, 58% used [0x00000000c2200000,0x00000000c27429b0,0x00000000c2b00000)
 Metaspace       used 7699K, capacity 8436K, committed 8704K, reserved 1056768K
  class space    used 911K, capacity 944K, committed 1024K, reserved 1048576K
Event: 1.136 GC heap after
Heap after GC invocations=8 (full 1):
 PSYoungGen      total 13824K, used 4119K [0x00000000eb600000, 0x00000000ecd00000, 0x0000000100000000)
  eden space 9216K, 0% used [0x00000000eb600000,0x00000000eb600000,0x00000000ebf00000)
  from space 4608K, 89% used [0x00000000ebf00000,0x00000000ec305dd8,0x00000000ec380000)
  to   space 5120K, 0% used [0x00000000ec800000,0x00000000ec800000,0x00000000ecd00000)
 ParOldGen       total 9216K, used 5394K [0x00000000c2200000, 0x00000000c2b00000, 0x00000000eb600000)
  object space 9216K, 58% used [0x00000000c2200000,0x00000000c27449b0,0x00000000c2b00000)
 Metaspace       used 7699K, capacity 8436K, committed 8704K, reserved 1056768K
  class space    used 911K, capacity 944K, committed 1024K, reserved 1048576K
}
Event: 1.449 GC heap before
{Heap before GC invocations=9 (full 1):
 PSYoungGen      total 13824K, used 13335K [0x00000000eb600000, 0x00000000ecd00000, 0x0000000100000000)
  eden space 9216K, 100% used [0x00000000eb600000,0x00000000ebf00000,0x00000000ebf00000)
  from space 4608K, 89% used [0x00000000ebf00000,0x00000000ec305dd8,0x00000000ec380000)
  to   space 5120K, 0% used [0x00000000ec800000,0x00000000ec800000,0x00000000ecd00000)
 ParOldGen       total 9216K, used 5394K [0x00000000c2200000, 0x00000000c2b00000, 0x00000000eb600000)
  object space 9216K, 58% used [0x00000000c2200000,0x00000000c27449b0,0x00000000c2b00000)
 Metaspace       used 8805K, capacity 9246K, committed 9600K, reserved 1058816K
  class space    used 1033K, capacity 1042K, committed 1152K, reserved 1048576K
Event: 1.457 GC heap after
Heap after GC invocations=9 (full 1):
 PSYoungGen      total 14336K, used 5093K [0x00000000eb600000, 0x00000000ecd00000, 0x0000000100000000)
  eden space 9216K, 0% used [0x00000000eb600000,0x00000000eb600000,0x00000000ebf00000)
  from space 5120K, 99% used [0x00000000ec800000,0x00000000eccf94b8,0x00000000ecd00000)
  to   space 4608K, 0% used [0x00000000ebf00000,0x00000000ebf00000,0x00000000ec380000)
 ParOldGen       total 9216K, used 6506K [0x00000000c2200000, 0x00000000c2b00000, 0x00000000eb600000)
  object space 9216K, 70% used [0x00000000c2200000,0x00000000c285a9b0,0x00000000c2b00000)
 Metaspace       used 8805K, capacity 9246K, committed 9600K, reserved 1058816K
  class space    used 1033K, capacity 1042K, committed 1152K, reserved 1048576K
}

